<?xml version="1.0" encoding="UTF-8"?>
<!-- Generated by org.testng.reporters.JUnitReportReporter -->
<testsuite hostname="DESKTOP-27QSGA0" failures="0" tests="6" name="MyCountry.Country1" time="0.017" errors="0" timestamp="2024-06-25T14:40:54 IST" skipped="0">
  <testcase classname="MyCountry.Country1" name="dk" time="0.002"/>
  <testcase classname="MyCountry.Country1" name="nl" time="0.004"/>
  <testcase classname="MyCountry.Country1" name="sn" time="0.003"/>
  <testcase classname="MyCountry.Country1" name="it" time="0.002"/>
  <testcase classname="MyCountry.Country1" name="ind" time="0.002"/>
  <testcase classname="MyCountry.Country1" name="aus" time="0.004"/>
</testsuite> <!-- MyCountry.Country1 -->
