<?xml version="1.0" encoding="UTF-8"?>
<!-- Generated by org.testng.reporters.JUnitReportReporter -->
<testsuite hostname="DESKTOP-27QSGA0" failures="0" tests="7" name="MyCountry.Country3" time="0.039" errors="0" timestamp="2024-06-25T14:40:54 IST" skipped="0">
  <testcase classname="MyCountry.Country3" name="zim" time="0.003"/>
  <testcase classname="MyCountry.Country3" name="mal" time="0.005"/>
  <testcase classname="MyCountry.Country3" name="sig" time="0.002"/>
  <testcase classname="MyCountry.Country3" name="bang" time="0.006"/>
  <testcase classname="MyCountry.Country3" name="ko" time="0.006"/>
  <testcase classname="MyCountry.Country3" name="som" time="0.009"/>
  <testcase classname="MyCountry.Country3" name="jp" time="0.008"/>
</testsuite> <!-- MyCountry.Country3 -->
