<?xml version="1.0" encoding="UTF-8"?>
<!-- Generated by org.testng.reporters.JUnitReportReporter -->
<testsuite hostname="DESKTOP-27QSGA0" failures="0" tests="7" name="MyCountry.Country2" time="0.123" errors="0" timestamp="2024-06-25T14:40:55 IST" skipped="0">
  <testcase classname="MyCountry.Country2" name="ch" time="0.053"/>
  <testcase classname="MyCountry.Country2" name="fr" time="0.015"/>
  <testcase classname="MyCountry.Country2" name="eg" time="0.013"/>
  <testcase classname="MyCountry.Country2" name="sa" time="0.010"/>
  <testcase classname="MyCountry.Country2" name="srl" time="0.011"/>
  <testcase classname="MyCountry.Country2" name="eng" time="0.012"/>
  <testcase classname="MyCountry.Country2" name="pk" time="0.009"/>
</testsuite> <!-- MyCountry.Country2 -->
